[debug] [2025-12-21T12:38:53.167Z] ----------------------------------------------------------------------
[debug] [2025-12-21T12:38:53.175Z] Command:       C:\Program Files\nodejs\node.exe C:\Users\dinko\AppData\Roaming\npm\node_modules\firebase-tools\lib\bin\firebase.js deploy --only firestore:rules
[debug] [2025-12-21T12:38:53.175Z] CLI Version:   15.0.0
[debug] [2025-12-21T12:38:53.175Z] Platform:      win32
[debug] [2025-12-21T12:38:53.176Z] Node Version:  v24.11.1
[debug] [2025-12-21T12:38:53.176Z] Time:          Sun Dec 21 2025 13:38:53 GMT+0100 (Centraleuropæisk normaltid)
[debug] [2025-12-21T12:38:53.176Z] ----------------------------------------------------------------------
[debug] 
[error] 
[error] Error: Not in a Firebase app directory (could not locate firebase.json)
[debug] [2025-12-21T12:38:58.975Z] Error: EBUSY: resource busy or locked, unlink 'C:\Users\dinko\Projects\PNWS\firebase-debug.log'
    at Object.unlinkSync (node:fs:1942:11)
    at process.<anonymous> (C:\Users\dinko\AppData\Roaming\npm\node_modules\firebase-tools\lib\bin\cli.js:44:16)
    at process.emit (node:events:520:35)
    at process.exit (node:internal/process/per_thread:236:15)
    at Timeout._onTimeout (C:\Users\dinko\AppData\Roaming\npm\node_modules\firebase-tools\lib\errorOut.js:20:17)
    at listOnTimeout (node:internal/timers:605:17)
    at process.processTimers (node:internal/timers:541:7)
[error] 
[error] Error: An unexpected error has occurred.
